<?xml version="1.0" encoding="UTF-8"?>
<testng-results ignored="0" total="1" passed="1" failed="0" skipped="0">
  <reporter-output>
  </reporter-output>
  <suite started-at="2024-08-07T07:58:23 IST" name="Default suite" finished-at="2024-08-07T07:58:23 IST" duration-ms="66">
    <groups>
    </groups>
    <test started-at="2024-08-07T07:58:23 IST" name="Default test" finished-at="2024-08-07T07:58:23 IST" duration-ms="66">
      <class name="Obsqura.BeforeAfterClass">
        <test-method is-config="true" signature="beforeClass()[pri:0, instance:Obsqura.BeforeAfterClass@6743e411]" started-at="2024-08-07T07:58:23 IST" name="beforeClass" finished-at="2024-08-07T07:58:23 IST" duration-ms="13" status="PASS">
          <reporter-output>
          </reporter-output>
        </test-method> <!-- beforeClass -->
        <test-method signature="sample()[pri:0, instance:Obsqura.BeforeAfterClass@6743e411]" started-at="2024-08-07T07:58:23 IST" name="sample" finished-at="2024-08-07T07:58:23 IST" duration-ms="6" status="PASS">
          <reporter-output>
          </reporter-output>
        </test-method> <!-- sample -->
        <test-method is-config="true" signature="afterClass()[pri:0, instance:Obsqura.BeforeAfterClass@6743e411]" started-at="2024-08-07T07:58:23 IST" name="afterClass" finished-at="2024-08-07T07:58:23 IST" duration-ms="0" status="PASS">
          <reporter-output>
          </reporter-output>
        </test-method> <!-- afterClass -->
      </class> <!-- Obsqura.BeforeAfterClass -->
    </test> <!-- Default test -->
  </suite> <!-- Default suite -->
</testng-results>
