<?xml version="1.0" encoding="UTF-8"?>
<testng-results ignored="0" total="1" passed="1" failed="0" skipped="0">
  <reporter-output>
  </reporter-output>
  <suite started-at="2024-08-09T07:50:18 IST" name="Default suite" finished-at="2024-08-09T07:50:23 IST" duration-ms="4497">
    <groups>
    </groups>
    <test started-at="2024-08-09T07:50:18 IST" name="Default test" finished-at="2024-08-09T07:50:23 IST" duration-ms="4497">
      <class name="testscripts.InputFormPageTest">
        <test-method is-config="true" signature="beforeMethod()[pri:0, instance:testscripts.InputFormPageTest@206a70ef]" started-at="2024-08-09T07:50:18 IST" name="beforeMethod" finished-at="2024-08-09T07:50:22 IST" duration-ms="4198" status="PASS">
          <reporter-output>
          </reporter-output>
        </test-method> <!-- beforeMethod -->
        <test-method signature="sumoftwonumbers()[pri:0, instance:testscripts.InputFormPageTest@206a70ef]" started-at="2024-08-09T07:50:22 IST" name="sumoftwonumbers" finished-at="2024-08-09T07:50:23 IST" duration-ms="257" status="PASS">
          <reporter-output>
          </reporter-output>
        </test-method> <!-- sumoftwonumbers -->
        <test-method is-config="true" signature="afterMethod()[pri:0, instance:testscripts.InputFormPageTest@206a70ef]" started-at="2024-08-09T07:50:23 IST" name="afterMethod" finished-at="2024-08-09T07:50:23 IST" duration-ms="0" status="PASS">
          <reporter-output>
          </reporter-output>
        </test-method> <!-- afterMethod -->
      </class> <!-- testscripts.InputFormPageTest -->
    </test> <!-- Default test -->
  </suite> <!-- Default suite -->
</testng-results>
